<?xml version="1.0" encoding="UTF-8"?>
<!-- Generated by org.testng.reporters.JUnitReportReporter -->
<testsuite hostname="ZIL1280" failures="0" tests="1" name="com.perfecto.testcases.TC001_Verify_Google_Search_Page" time="22.523" errors="0" timestamp="2023-12-28T12:33:57 IST" skipped="0">
  <testcase classname="com.perfecto.testcases.TC001_Verify_Google_Search_Page" name="homePage" time="22.523"/>
</testsuite> <!-- com.perfecto.testcases.TC001_Verify_Google_Search_Page -->
