<?xml version="1.0" encoding="UTF-8"?>
<!-- Generated by org.testng.reporters.JUnitReportReporter -->
<testsuite hostname="ZIL1280" failures="0" tests="1" name="com.perfecto.testcases.Boost_Guest_UserCheckout_v1" time="12.746" errors="0" timestamp="2023-12-21T12:00:51 IST" skipped="0">
  <testcase classname="com.perfecto.testcases.Boost_Guest_UserCheckout_v1" name="homePage" time="12.746"/>
</testsuite> <!-- com.perfecto.testcases.Boost_Guest_UserCheckout_v1 -->
